#
# There is insufficient memory for the Java Runtime Environment to continue.
# Native memory allocation (mmap) failed to map 268435456 bytes for G1 virtual space
# Possible reasons:
#   The system is out of physical RAM or swap space
#   The process is running with CompressedOops enabled, and the Java Heap may be blocking the growth of the native heap
# Possible solutions:
#   Reduce memory load on the system
#   Increase physical memory or swap space
#   Check if swap backing store is full
#   Decrease Java heap size (-Xmx/-Xms)
#   Decrease number of Java threads
#   Decrease Java thread stack sizes (-Xss)
#   Set larger code cache with -XX:ReservedCodeCacheSize=
#   JVM is running with Zero Based Compressed Oops mode in which the Java heap is
#     placed in the first 32GB address space. The Java Heap base address is the
#     maximum limit for the native heap growth. Please use -XX:HeapBaseMinAddress
#     to set the Java Heap base and to place the Java Heap above 32GB virtual address.
# This output file may be truncated or incomplete.
#
#  Out of Memory Error (./open/src/hotspot/os/windows/os_windows.cpp:3321), pid=9188, tid=16508
#
# JRE version:  (15.0.2+7) (build )
# Java VM: Java HotSpot(TM) 64-Bit Server VM (15.0.2+7-27, mixed mode, sharing, tiered, compressed oops, g1 gc, windows-amd64)
# No core dump will be written. Minidumps are not enabled by default on client versions of Windows
#

---------------  S U M M A R Y ------------

Command Line: -XX:TieredStopAtLevel=1 -Dspring.output.ansi.enabled=always -Dcom.sun.management.jmxremote -Dspring.jmx.enabled=true -Dspring.liveBeansView.mbeanDomain -Dspring.application.admin.enabled=true -Dmanagement.endpoints.jmx.exposure.include=* -javaagent:C:\Users\barga\AppData\Local\JetBrains\Toolbox\apps\IDEA-U\ch-0\223.8617.56\lib\idea_rt.jar=64044:C:\Users\barga\AppData\Local\JetBrains\Toolbox\apps\IDEA-U\ch-0\223.8617.56\bin -Dfile.encoding=UTF-8 com.example.buns.BotApplication

Host: Intel(R) Core(TM) i7-10750H CPU @ 2.60GHz, 12 cores, 15G,  Windows 10 , 64 bit Build 22621 (10.0.22621.1194)
Time: Fri Feb 17 16:45:00 2023 Білоруський зимовий час elapsed time: 0.024506 seconds (0d 0h 0m 0s)

---------------  T H R E A D  ---------------

Current thread (0x00000203782f8250):  JavaThread "Unknown thread" [_thread_in_vm, id=16508, stack(0x0000007357d00000,0x0000007357e00000)]

Stack: [0x0000007357d00000,0x0000007357e00000]
Native frames: (J=compiled Java code, j=interpreted, Vv=VM code, C=native code)
V  [jvm.dll+0x62ae9a]
V  [jvm.dll+0x7817a9]
V  [jvm.dll+0x782f03]
V  [jvm.dll+0x783563]
V  [jvm.dll+0x216325]
V  [jvm.dll+0x6281d9]
V  [jvm.dll+0x61cf55]
V  [jvm.dll+0x2cffdd]
V  [jvm.dll+0x2cfe42]
V  [jvm.dll+0x2d5e1c]
V  [jvm.dll+0x32590a]
V  [jvm.dll+0x324fd4]
V  [jvm.dll+0x2a6f5a]
V  [jvm.dll+0x2a80f8]
V  [jvm.dll+0x75e241]
V  [jvm.dll+0x3341c4]
V  [jvm.dll+0x73e926]
V  [jvm.dll+0x3b7557]
V  [jvm.dll+0x3b8fe1]
C  [jli.dll+0x52fb]
C  [ucrtbase.dll+0x29363]
C  [KERNEL32.DLL+0x126bd]
C  [ntdll.dll+0x5dfb8]


---------------  P R O C E S S  ---------------

Threads class SMR info:
_java_thread_list=0x00007ffbd9944ff0, length=0, elements={
}

Java Threads: ( => current thread )

Other Threads:
  0x0000020378349ab0 GCTaskThread "GC Thread#0" [stack: 0x0000007357e00000,0x0000007357f00000] [id=24740]
  0x000002037835ad70 ConcurrentGCThread "G1 Main Marker" [stack: 0x0000007357f00000,0x0000007358000000] [id=27036]
  0x000002037835d110 ConcurrentGCThread "G1 Conc#0" [stack: 0x0000007358000000,0x0000007358100000] [id=20140]

[error occurred during error reporting (printing all threads), id 0xc0000005, EXCEPTION_ACCESS_VIOLATION (0xc0000005) at pc=0x00007ffbd9137e27]

VM state: not at safepoint (not fully initialized)

VM Mutex/Monitor currently owned by a thread:  ([mutex/lock_event])
[0x00000203782f1ee0] Heap_lock - owner thread: 0x00000203782f8250

Heap address: 0x0000000701600000, size: 4074 MB, Compressed Oops mode: Zero based, Oop shift amount: 3
CDS archive(s) mapped at: [0x0000000000000000-0x0000000000000000-0x0000000000000000), size 0, SharedBaseAddress: 0x0000000800000000, ArchiveRelocationMode: 0.
Narrow klass base: 0x0000000000000000, Narrow klass shift: 0, Narrow klass range: 0x0

Heap:
 garbage-first heap   total 262144K, used 0K [0x0000000701600000, 0x0000000800000000)
  region size 2048K, 0 young (0K), 0 survivors (0K)
 Metaspace       used 0K, capacity 0K, committed 0K, reserved 0K
  class space    used 0K, capacity 0K, committed 0K, reserved 0K

Heap Regions: E=young(eden), S=young(survivor), O=old, HS=humongous(starts), HC=humongous(continues), CS=collection set, F=free, OA=open archive, CA=closed archive, TAMS=top-at-mark-start (previous, next)

Card table byte_map: [0x00000203790f0000,0x00000203798f0000] _byte_map_base: 0x00000203758e5000

Marking Bits (Prev, Next): (CMBitMap*) 0x000002037834a320, (CMBitMap*) 0x000002037834a360
 Prev Bits: [0x000002037a0f0000, 0x000002037e098000)
 Next Bits: [0x0000020317160000, 0x000002031b108000)

GC Heap History (0 events):
No events

Deoptimization events (0 events):
No events

Classes unloaded (0 events):
No events

Classes redefined (0 events):
No events

Internal exceptions (0 events):
No events

Events (1 events):
Event: 0.019 Loaded shared library C:\Java\jdk-15.0.2\bin\java.dll


Dynamic libraries:
0x00007ff676a90000 - 0x00007ff676a9f000 	C:\Java\jdk-15.0.2\bin\java.exe
0x00007ffc2e8b0000 - 0x00007ffc2eac4000 	C:\WINDOWS\SYSTEM32\ntdll.dll
0x00007ffc2de90000 - 0x00007ffc2df53000 	C:\WINDOWS\System32\KERNEL32.DLL
0x00007ffc2c320000 - 0x00007ffc2c6bc000 	C:\WINDOWS\System32\KERNELBASE.dll
0x00007ffc2bd60000 - 0x00007ffc2be71000 	C:\WINDOWS\System32\ucrtbase.dll
0x00007ffc226d0000 - 0x00007ffc226e9000 	C:\Java\jdk-15.0.2\bin\VCRUNTIME140.dll
0x00007ffc22750000 - 0x00007ffc22768000 	C:\Java\jdk-15.0.2\bin\jli.dll
0x00007ffc2d640000 - 0x00007ffc2d6ee000 	C:\WINDOWS\System32\ADVAPI32.dll
0x00007ffc2e7c0000 - 0x00007ffc2e867000 	C:\WINDOWS\System32\msvcrt.dll
0x00007ffc2dde0000 - 0x00007ffc2de84000 	C:\WINDOWS\System32\sechost.dll
0x00007ffc2d230000 - 0x00007ffc2d345000 	C:\WINDOWS\System32\RPCRT4.dll
0x00007ffc2cd70000 - 0x00007ffc2cf1d000 	C:\WINDOWS\System32\USER32.dll
0x00007ffc2bff0000 - 0x00007ffc2c016000 	C:\WINDOWS\System32\win32u.dll
0x00007ffc12ac0000 - 0x00007ffc12d4e000 	C:\WINDOWS\WinSxS\amd64_microsoft.windows.common-controls_6595b64144ccf1df_6.0.22621.608_none_a9444ca7c10bb01d\COMCTL32.dll
0x00007ffc2d610000 - 0x00007ffc2d639000 	C:\WINDOWS\System32\GDI32.dll
0x00007ffc2c140000 - 0x00007ffc2c252000 	C:\WINDOWS\System32\gdi32full.dll
0x00007ffc2c0a0000 - 0x00007ffc2c13a000 	C:\WINDOWS\System32\msvcp_win.dll
0x00007ffc26090000 - 0x00007ffc2609a000 	C:\WINDOWS\SYSTEM32\VERSION.dll
0x00007ffc2cf20000 - 0x00007ffc2cf52000 	C:\WINDOWS\System32\IMM32.DLL
0x00007ffc26a30000 - 0x00007ffc26a3c000 	C:\Java\jdk-15.0.2\bin\vcruntime140_1.dll
0x00007ffc09690000 - 0x00007ffc09721000 	C:\Java\jdk-15.0.2\bin\msvcp140.dll
0x00007ffbd8e80000 - 0x00007ffbd99de000 	C:\Java\jdk-15.0.2\bin\server\jvm.dll
0x00007ffc2dcf0000 - 0x00007ffc2dcf8000 	C:\WINDOWS\System32\PSAPI.DLL
0x00007ffc166b0000 - 0x00007ffc166b9000 	C:\WINDOWS\SYSTEM32\WSOCK32.dll
0x00007ffc2dd00000 - 0x00007ffc2dd71000 	C:\WINDOWS\System32\WS2_32.dll
0x00007ffc25da0000 - 0x00007ffc25dd4000 	C:\WINDOWS\SYSTEM32\WINMM.dll
0x00007ffc2ad00000 - 0x00007ffc2ad18000 	C:\WINDOWS\SYSTEM32\kernel.appcore.dll
0x00007ffc22740000 - 0x00007ffc2274a000 	C:\Java\jdk-15.0.2\bin\jimage.dll
0x00007ffc27410000 - 0x00007ffc2763e000 	C:\WINDOWS\SYSTEM32\DBGHELP.DLL
0x00007ffc2c7a0000 - 0x00007ffc2cb2a000 	C:\WINDOWS\System32\combase.dll
0x00007ffc2c6c0000 - 0x00007ffc2c797000 	C:\WINDOWS\System32\OLEAUT32.dll
0x00007ffc21d80000 - 0x00007ffc21db2000 	C:\WINDOWS\SYSTEM32\dbgcore.DLL
0x00007ffc2c020000 - 0x00007ffc2c09b000 	C:\WINDOWS\System32\bcryptPrimitives.dll
0x00007ffc26dc0000 - 0x00007ffc26dce000 	C:\Java\jdk-15.0.2\bin\instrument.dll
0x00007ffc192b0000 - 0x00007ffc192d5000 	C:\Java\jdk-15.0.2\bin\java.dll

dbghelp: loaded successfully - version: 4.0.5 - missing functions: none
symbol engine: initialized successfully - sym options: 0x614 - pdb path: .;C:\Java\jdk-15.0.2\bin;C:\WINDOWS\SYSTEM32;C:\WINDOWS\WinSxS\amd64_microsoft.windows.common-controls_6595b64144ccf1df_6.0.22621.608_none_a9444ca7c10bb01d;C:\Java\jdk-15.0.2\bin\server

VM Arguments:
jvm_args: -XX:TieredStopAtLevel=1 -Dspring.output.ansi.enabled=always -Dcom.sun.management.jmxremote -Dspring.jmx.enabled=true -Dspring.liveBeansView.mbeanDomain -Dspring.application.admin.enabled=true -Dmanagement.endpoints.jmx.exposure.include=* -javaagent:C:\Users\barga\AppData\Local\JetBrains\Toolbox\apps\IDEA-U\ch-0\223.8617.56\lib\idea_rt.jar=64044:C:\Users\barga\AppData\Local\JetBrains\Toolbox\apps\IDEA-U\ch-0\223.8617.56\bin -Dfile.encoding=UTF-8 
java_command: com.example.buns.BotApplication
java_class_path (initial): C:\Users\barga\Documents\buns-api\SubsBotApp\build\classes\java\main;C:\Users\barga\Documents\buns-api\SubsBotApp\build\resources\main;C:\Users\barga\.gradle\caches\modules-2\files-2.1\org.projectlombok\lombok\1.18.20\18bcea7d5df4d49227b4a0743a536208ce4825bb\lombok-1.18.20.jar;C:\Users\barga\.gradle\caches\modules-2\files-2.1\org.springframework.boot\spring-boot-starter-data-jpa\2.5.1\ac73786ba90eff0050cd0dce778a025a83a6fe87\spring-boot-starter-data-jpa-2.5.1.jar;C:\Users\barga\.gradle\caches\modules-2\files-2.1\org.springframework.boot\spring-boot-starter-security\2.5.1\4f84ae05352045e6de5110d7bbab033ac2f40e4c\spring-boot-starter-security-2.5.1.jar;C:\Users\barga\.gradle\caches\modules-2\files-2.1\org.springframework.boot\spring-boot-starter-web\2.5.1\21cb018c0ac46be930e83ad4231550892e2002ac\spring-boot-starter-web-2.5.1.jar;C:\Users\barga\.gradle\caches\modules-2\files-2.1\org.liquibase\liquibase-core\4.3.5\cfe99addf94f07ca1af1e42b8c2bcde8079d8fe0\liquibase-core-4.3.5.jar;C:\Users\barga\.gradle\caches\modules-2\files-2.1\org.telegram\telegrambots-spring-boot-starter\6.4.0\cf3bc776ac2fd9381fdf6e26955ba5b4a9327957\telegrambots-spring-boot-starter-6.4.0.jar;C:\Users\barga\.gradle\caches\modules-2\files-2.1\org.telegram\telegrambots\6.5.0\37b6e9c978cd60516581e8e4c3082ba145777b47\telegrambots-6.5.0.jar;C:\Users\barga\.gradle\caches\modules-2\files-2.1\org.springframework.boot\spring-boot-starter-actuator\2.5.1\33dd5505b1a4ba052f067ec0ecfa24a274008038\spring-boot-starter-actuator-2.5.1.jar;C:\Users\barga\.gradle\caches\modules-2\files-2.1\telegram\telegram\0.2.9\fe1c94d5fef93efc3bab0f0afb17f2dea38d9813\telegram-0.2.9.jar;C:\Users\barga\.gradle\caches\modules-2\files-2.1\net.rakugakibox.spring.boot\orika-spring-boot-starter\1.9.0\5cecc17f3bc40b9187039ce705e6754739f14fea\orika-spring-boot-starter-1.9.0.jar;C:\Users\barga\.gradle\caches\modules-2\files-2.1\org.springdoc\springdoc-openapi-ui\1.2.32\473ccb692becebd121577fdff0b61e4c9914b3eb\spring
Launcher Type: SUN_STANDARD

[Global flags]
     intx CICompilerCount                          = 4                                         {product} {ergonomic}
     uint ConcGCThreads                            = 3                                         {product} {ergonomic}
     uint G1ConcRefinementThreads                  = 10                                        {product} {ergonomic}
   size_t G1HeapRegionSize                         = 2097152                                   {product} {ergonomic}
    uintx GCDrainStackTargetSize                   = 64                                        {product} {ergonomic}
   size_t InitialHeapSize                          = 268435456                                 {product} {ergonomic}
     bool ManagementServer                         = true                                      {product} {command line}
   size_t MarkStackSize                            = 4194304                                   {product} {ergonomic}
   size_t MaxHeapSize                              = 4271898624                                {product} {ergonomic}
   size_t MinHeapDeltaBytes                        = 2097152                                   {product} {ergonomic}
   size_t MinHeapSize                              = 8388608                                   {product} {ergonomic}
    uintx NonNMethodCodeHeapSize                   = 7549744                                {pd product} {ergonomic}
    uintx NonProfiledCodeHeapSize                  = 244108496                              {pd product} {ergonomic}
    uintx ProfiledCodeHeapSize                     = 0                                      {pd product} {ergonomic}
    uintx ReservedCodeCacheSize                    = 251658240                              {pd product} {ergonomic}
     bool SegmentedCodeCache                       = true                                      {product} {ergonomic}
   size_t SoftMaxHeapSize                          = 4271898624                             {manageable} {ergonomic}
     intx TieredStopAtLevel                        = 1                                         {product} {command line}
     bool UseCompressedClassPointers               = true                                 {lp64_product} {ergonomic}
     bool UseCompressedOops                        = true                                 {lp64_product} {ergonomic}
     bool UseG1GC                                  = true                                      {product} {ergonomic}
     bool UseLargePagesIndividualAllocation        = false                                  {pd product} {ergonomic}

Logging:
Log output configuration:
 #0: stdout all=warning uptime,level,tags
 #1: stderr all=off uptime,level,tags

Environment Variables:
JAVA_HOME=C:\Java\jdk-15.0.2
PATH=C:\MinGW\bin;C:\Program Files\NVIDIA Corporation\NVIDIA NvDLISR;C:\Users\barga\AppData\Roaming\nvm;C:\Program Files\nodejs;C:\Program Files\PuTTY\;C:\Program Files\Git\cmd;D:\apache-maven-3.8.5-bin\apache-maven-3.8.5\bin;C:\Users\barga\.jdks\openjdk-18.0.1\bin;C:\Gradle\gradle-7.4.2\bin;;C:\WINDOWS\system32;C:\WINDOWS;C:\WINDOWS\System32\Wbem;C:\WINDOWS\System32\WindowsPowerShell\v1.0\;C:\WINDOWS\System32\OpenSSH\;C:\Program Files\Docker\Docker\resources\bin;C:\Program Files\MySQL\MySQL Shell 8.0\bin\;C:\Users\barga\AppData\Local\Programs\Python\Python310\Scripts\;C:\Users\barga\AppData\Local\Programs\Python\Python310\;C:\MinGW\bin;C:\Users\barga\AppData\Roaming\npm;C:\Users\barga\AppData\Roaming\nvm;C:\Program Files\nodejs;C:\Program Files\JetBrains\IntelliJ IDEA 2022.1.3\bin;C:\Users\barga\AppData\Local\JetBrains\Toolbox\scripts;C:\Java\jdk-15.0.2\bin;C:\Users\barga\AppData\Local\Microsoft\WindowsApps;C:\Users\barga\AppData\Local\GitHubDesktop\bin;C:\Program Files\heroku\bin
USERNAME=barga
OS=Windows_NT
PROCESSOR_IDENTIFIER=Intel64 Family 6 Model 165 Stepping 2, GenuineIntel



---------------  S Y S T E M  ---------------

OS:
 Windows 10 , 64 bit Build 22621 (10.0.22621.1194)
OS uptime: 2 days 12:42 hours
HyperV virtualization detected

CPU: total 12 (initial active 12) (6 cores per cpu, 2 threads per core) family 6 model 165 stepping 2 microcode 0xf4, cmov, cx8, fxsr, mmx, sse, sse2, sse3, ssse3, sse4.1, sse4.2, popcnt, vzeroupper, avx, avx2, aes, clmul, erms, 3dnowpref, lzcnt, ht, tsc, tscinvbit, bmi1, bmi2, adx, fma, clflush, clflushopt

Memory: 4k page, system-wide physical 16291M (2191M free)
TotalPageFile size 26291M (AvailPageFile size 230M)
current process WorkingSet (physical memory assigned to process): 11M, peak: 11M
current process commit charge ("private bytes"): 62M, peak: 318M

vm_info: Java HotSpot(TM) 64-Bit Server VM (15.0.2+7-27) for windows-amd64 JRE (15.0.2+7-27), built on Dec  7 2020 20:07:01 by "mach5one" with unknown MS VC++:1925

END.
